<?xml version="1.0" encoding="UTF-8"?>
<!-- Generated by org.testng.reporters.JUnitReportReporter -->
<testsuite hostname="DESKTOP-VGCFTBT" failures="0" tests="1" name="Selenium.Abhibus1" time="17.605" errors="0" timestamp="2023-08-07T12:43:02 IST" skipped="0">
  <testcase classname="Selenium.Abhibus1" name="Abhi" time="17.605"/>
</testsuite> <!-- Selenium.Abhibus1 -->
