<?xml version="1.0" encoding="UTF-8"?>
<!-- Generated by org.testng.reporters.JUnitReportReporter -->
<testsuite hostname="DESKTOP-VGCFTBT" failures="0" tests="1" name="Testng.Data123" time="0.011" errors="0" timestamp="2023-08-10T16:01:47 IST" skipped="0">
  <testcase classname="Testng.Data123" name="Data" time="0.011"/>
</testsuite> <!-- Testng.Data123 -->
