<?xml version="1.0" encoding="UTF-8"?>
<!-- Generated by org.testng.reporters.JUnitReportReporter -->
<testsuite hostname="DESKTOP-VGCFTBT" failures="0" tests="2" name="listenersss.Iexecutionlisteners" time="40.270" errors="0" timestamp="2023-08-24T12:31:05 IST" skipped="0">
  <testcase classname="listenersss.Iexecutionlisteners" name="onExecutionStart" time="39.317"/>
  <testcase classname="listenersss.Iexecutionlisteners" name="onExecutionFinish" time="0.953"/>
</testsuite> <!-- listenersss.Iexecutionlisteners -->
