<?xml version="1.0" encoding="UTF-8"?>
<!-- Generated by org.testng.reporters.JUnitReportReporter -->
<testsuite hostname="DESKTOP-VGCFTBT" failures="0" tests="1" name="listenersss.Iexecu" time="11.667" errors="0" timestamp="2023-08-24T14:00:58 IST" skipped="0">
  <testcase classname="listenersss.Iexecu" name="Iex" time="11.667"/>
</testsuite> <!-- listenersss.Iexecu -->
