<?xml version="1.0" encoding="UTF-8"?>
<!-- Generated by org.testng.reporters.JUnitReportReporter -->
<testsuite hostname="DESKTOP-VGCFTBT" failures="0" tests="1" name="Selenium.Abhibus1Test" time="0.021" errors="0" timestamp="2023-08-07T12:15:04 IST" skipped="0">
  <testcase classname="Selenium.Abhibus1Test" name="f" time="0.021"/>
</testsuite> <!-- Selenium.Abhibus1Test -->
